<?xml version="1.0" encoding="UTF-8"?>
<testsuites>
  <testsuite name="Tests\Unit\Services\PaymentGateway\MockPaymentGatewayTest" file="/Users/tim/Work/laravel_samples/tests/Unit/Services/PaymentGateway/MockPaymentGatewayTest.php" tests="7" assertions="32" errors="0" failures="0" skipped="0" time="0.002376">
    <testcase name="test_sync_users_returns_paginated_response_with_mock_data" file="/Users/tim/Work/laravel_samples/tests/Unit/Services/PaymentGateway/MockPaymentGatewayTest.php" line="20" class="Tests\Unit\Services\PaymentGateway\MockPaymentGatewayTest" classname="Tests.Unit.Services.PaymentGateway.MockPaymentGatewayTest" assertions="7" time="0.001986"/>
    <testcase name="test_sync_users_with_filters_still_returns_same_data" file="/Users/tim/Work/laravel_samples/tests/Unit/Services/PaymentGateway/MockPaymentGatewayTest.php" line="39" class="Tests\Unit\Services\PaymentGateway\MockPaymentGatewayTest" classname="Tests.Unit.Services.PaymentGateway.MockPaymentGatewayTest" assertions="2" time="0.000073"/>
    <testcase name="test_sync_deposits_returns_paginated_response_with_mock_data" file="/Users/tim/Work/laravel_samples/tests/Unit/Services/PaymentGateway/MockPaymentGatewayTest.php" line="54" class="Tests\Unit\Services\PaymentGateway\MockPaymentGatewayTest" classname="Tests.Unit.Services.PaymentGateway.MockPaymentGatewayTest" assertions="10" time="0.000096"/>
    <testcase name="test_sync_withdrawals_returns_empty_paginated_response" file="/Users/tim/Work/laravel_samples/tests/Unit/Services/PaymentGateway/MockPaymentGatewayTest.php" line="76" class="Tests\Unit\Services\PaymentGateway\MockPaymentGatewayTest" classname="Tests.Unit.Services.PaymentGateway.MockPaymentGatewayTest" assertions="2" time="0.000056"/>
    <testcase name="test_sync_bonuses_returns_empty_paginated_response" file="/Users/tim/Work/laravel_samples/tests/Unit/Services/PaymentGateway/MockPaymentGatewayTest.php" line="86" class="Tests\Unit\Services\PaymentGateway\MockPaymentGatewayTest" classname="Tests.Unit.Services.PaymentGateway.MockPaymentGatewayTest" assertions="3" time="0.000055"/>
    <testcase name="test_sync_transactions_returns_empty_paginated_response" file="/Users/tim/Work/laravel_samples/tests/Unit/Services/PaymentGateway/MockPaymentGatewayTest.php" line="97" class="Tests\Unit\Services\PaymentGateway\MockPaymentGatewayTest" classname="Tests.Unit.Services.PaymentGateway.MockPaymentGatewayTest" assertions="3" time="0.000053"/>
    <testcase name="test_all_sync_methods_with_filters_work" file="/Users/tim/Work/laravel_samples/tests/Unit/Services/PaymentGateway/MockPaymentGatewayTest.php" line="108" class="Tests\Unit\Services\PaymentGateway\MockPaymentGatewayTest" classname="Tests.Unit.Services.PaymentGateway.MockPaymentGatewayTest" assertions="5" time="0.000057"/>
  </testsuite>
</testsuites>
